TN:
SF:/home/travis/build/drawnepicenter/leximaven/src/leximaven.js
FNF:0
FNH:0
DA:3,46
DA:4,46
DA:5,46
DA:12,46
DA:13,46
LF:5
LH:5
BRF:0
BRH:0
end_of_record
TN:
SF:/home/travis/build/drawnepicenter/leximaven/src/themes.js
FN:29,(anonymous_1)
FN:48,(anonymous_2)
FN:60,(anonymous_3)
FN:76,(anonymous_4)
FNF:4
FNH:4
FNDA:45,(anonymous_1)
FNDA:2,(anonymous_2)
FNDA:6,(anonymous_3)
FNDA:147,(anonymous_4)
DA:2,47
DA:3,47
DA:4,47
DA:5,47
DA:6,47
DA:8,47
DA:9,47
DA:10,47
DA:11,47
DA:12,47
DA:14,0
DA:16,47
DA:29,47
DA:30,45
DA:31,45
DA:32,45
DA:33,45
DA:34,45
DA:36,0
DA:38,45
DA:39,45
DA:40,45
DA:48,47
DA:49,2
DA:50,2
DA:51,2
DA:52,2
DA:53,2
DA:54,2
DA:56,0
DA:58,2
DA:59,2
DA:60,2
DA:61,6
DA:62,6
DA:64,2
DA:76,47
DA:77,147
DA:78,147
DA:79,147
DA:80,147
DA:81,147
DA:82,147
DA:83,147
DA:84,81
DA:85,66
DA:86,65
DA:87,1
DA:88,146
DA:89,146
LF:50
LH:47
BRDA:14,1,0,0
BRDA:14,1,1,0
BRDA:16,2,0,47
BRDA:16,2,1,0
BRDA:36,3,0,0
BRDA:36,3,1,0
BRDA:38,4,0,0
BRDA:38,4,1,45
BRDA:56,5,0,0
BRDA:56,5,1,0
BRDA:58,6,0,0
BRDA:58,6,1,2
BRDA:83,7,0,81
BRDA:83,7,1,66
BRDA:84,8,0,76
BRDA:84,8,1,5
BRDA:84,9,0,81
BRDA:84,9,1,81
BRDA:85,10,0,65
BRDA:85,10,1,1
BRDA:86,11,0,12
BRDA:86,11,1,53
BRDA:86,12,0,65
BRDA:86,12,1,65
BRF:24
BRH:15
end_of_record
TN:
SF:/home/travis/build/drawnepicenter/leximaven/src/tools.js
FN:20,(anonymous_1)
FN:44,(anonymous_2)
FN:68,(anonymous_3)
FN:92,(anonymous_4)
FN:117,checkOutfile
FN:134,(anonymous_6)
FN:146,(anonymous_7)
FN:161,(anonymous_8)
FN:174,(anonymous_9)
FNF:9
FNH:9
FNDA:6,(anonymous_1)
FNDA:4,(anonymous_2)
FNDA:9,(anonymous_3)
FNDA:17,(anonymous_4)
FNDA:23,checkOutfile
FNDA:3,(anonymous_6)
FNDA:41,(anonymous_7)
FNDA:110,(anonymous_8)
FNDA:24,(anonymous_9)
DA:2,47
DA:3,47
DA:4,47
DA:5,47
DA:6,47
DA:8,47
DA:20,47
DA:21,6
DA:22,6
DA:23,6
DA:24,6
DA:25,6
DA:26,6
DA:27,5
DA:28,1
DA:29,1
DA:30,1
DA:31,1
DA:32,1
DA:34,6
DA:35,6
DA:36,6
DA:44,47
DA:45,4
DA:46,4
DA:47,4
DA:48,4
DA:49,4
DA:50,4
DA:51,3
DA:52,1
DA:53,1
DA:54,1
DA:55,1
DA:56,1
DA:58,4
DA:59,4
DA:60,4
DA:68,47
DA:69,9
DA:70,9
DA:71,9
DA:72,9
DA:73,9
DA:74,9
DA:75,6
DA:76,3
DA:77,3
DA:78,3
DA:79,3
DA:80,3
DA:82,9
DA:83,9
DA:84,9
DA:92,47
DA:93,17
DA:94,17
DA:95,17
DA:96,17
DA:97,17
DA:98,17
DA:99,14
DA:100,3
DA:101,3
DA:102,3
DA:103,3
DA:104,3
DA:106,17
DA:107,17
DA:108,17
DA:118,23
DA:119,23
DA:120,23
DA:121,4
DA:123,19
DA:125,23
DA:134,47
DA:135,3
DA:136,3
DA:137,3
DA:138,3
DA:146,47
DA:147,41
DA:148,41
DA:150,1
DA:152,40
DA:161,47
DA:162,110
DA:163,110
DA:164,110
DA:174,47
DA:175,24
DA:176,24
DA:177,24
DA:178,24
DA:179,4
DA:180,2
DA:181,1
DA:182,1
DA:183,1
DA:184,1
DA:185,1
DA:186,1
DA:188,2
DA:189,2
DA:190,2
DA:191,2
DA:192,2
DA:194,20
DA:195,19
DA:196,2
DA:197,1
DA:198,1
DA:199,1
DA:201,17
DA:202,17
DA:204,1
LF:117
LH:117
BRDA:26,1,0,5
BRDA:26,1,1,1
BRDA:28,2,0,1
BRDA:28,2,1,0
BRDA:34,3,0,1
BRDA:34,3,1,5
BRDA:50,4,0,3
BRDA:50,4,1,1
BRDA:52,5,0,1
BRDA:52,5,1,0
BRDA:58,6,0,1
BRDA:58,6,1,3
BRDA:74,7,0,6
BRDA:74,7,1,3
BRDA:76,8,0,3
BRDA:76,8,1,0
BRDA:82,9,0,1
BRDA:82,9,1,8
BRDA:98,10,0,14
BRDA:98,10,1,3
BRDA:100,11,0,3
BRDA:100,11,1,0
BRDA:106,12,0,1
BRDA:106,12,1,16
BRDA:123,13,0,19
BRDA:123,13,1,0
BRDA:136,14,0,1
BRDA:136,14,1,2
BRDA:137,15,0,2
BRDA:137,15,1,1
BRDA:150,16,0,1
BRDA:150,16,1,0
BRDA:163,17,0,109
BRDA:163,17,1,1
BRDA:163,18,0,110
BRDA:163,18,1,109
BRDA:163,18,2,109
BRDA:178,19,0,4
BRDA:178,19,1,20
BRDA:179,20,0,2
BRDA:179,20,1,2
BRDA:180,21,0,1
BRDA:180,21,1,1
BRDA:194,22,0,19
BRDA:194,22,1,1
BRDA:194,23,0,20
BRDA:194,23,1,20
BRDA:194,23,2,1
BRDA:194,23,3,1
BRDA:194,23,4,1
BRDA:194,23,5,1
BRDA:195,24,0,2
BRDA:195,24,1,17
BRDA:196,25,0,1
BRDA:196,25,1,1
BRDA:204,26,0,1
BRDA:204,26,1,0
BRDA:204,27,0,1
BRDA:204,27,1,0
BRDA:204,27,2,0
BRDA:204,27,3,0
BRDA:204,27,4,0
BRDA:204,27,5,0
BRDA:204,27,6,0
BRF:64
BRH:51
end_of_record
TN:
SF:/home/travis/build/drawnepicenter/leximaven/src/cmds/acronym.js
FN:28,(anonymous_1)
FN:41,(anonymous_2)
FN:45,(anonymous_3)
FNF:3
FNH:3
FNDA:5,(anonymous_1)
FNDA:5,(anonymous_2)
FNDA:5,(anonymous_3)
DA:1,46
DA:2,46
DA:4,46
DA:5,46
DA:6,46
DA:7,46
DA:8,46
DA:10,46
DA:12,46
DA:13,46
DA:14,46
DA:28,46
DA:29,5
DA:30,5
DA:31,5
DA:32,5
DA:33,5
DA:34,5
DA:35,5
DA:40,5
DA:41,5
DA:42,5
DA:43,5
DA:44,5
DA:45,5
DA:46,5
DA:47,5
DA:48,5
DA:49,1
DA:51,4
DA:52,4
DA:53,4
DA:54,20
DA:55,20
DA:56,20
DA:57,20
DA:58,20
DA:59,8
DA:60,4
DA:61,4
DA:62,4
DA:63,4
DA:65,4
DA:66,4
DA:69,20
DA:70,20
DA:72,4
DA:76,0
LF:48
LH:47
BRDA:32,1,0,5
BRDA:32,1,1,0
BRDA:42,2,0,5
BRDA:42,2,1,0
BRDA:42,3,0,5
BRDA:42,3,1,5
BRDA:48,4,0,1
BRDA:48,4,1,4
BRDA:58,5,0,8
BRDA:58,5,1,12
BRDA:59,6,0,4
BRDA:59,6,1,4
BRDA:72,7,0,4
BRDA:72,7,1,0
BRF:14
BRH:11
end_of_record
TN:
SF:/home/travis/build/drawnepicenter/leximaven/src/cmds/anagram.js
FN:113,(anonymous_1)
FN:171,(anonymous_2)
FNF:2
FNH:2
FNDA:4,(anonymous_1)
FNDA:4,(anonymous_2)
DA:2,46
DA:3,46
DA:5,46
DA:6,46
DA:7,46
DA:8,46
DA:9,46
DA:11,46
DA:12,46
DA:25,46
DA:26,46
DA:27,46
DA:113,46
DA:114,4
DA:115,4
DA:116,4
DA:129,4
DA:130,4
DA:131,4
DA:132,4
DA:133,4
DA:134,4
DA:135,4
DA:136,4
DA:137,4
DA:138,4
DA:139,4
DA:140,4
DA:141,4
DA:142,4
DA:143,4
DA:144,4
DA:145,4
DA:146,4
DA:147,4
DA:148,4
DA:149,4
DA:150,4
DA:151,4
DA:152,4
DA:153,4
DA:154,4
DA:155,4
DA:156,4
DA:161,4
DA:162,4
DA:167,4
DA:168,4
DA:169,4
DA:172,4
DA:173,4
DA:174,4
DA:175,1
DA:176,1
DA:177,1
DA:178,1
DA:179,3
DA:180,1
DA:182,2
DA:183,2
DA:184,2
DA:185,2
DA:186,2
DA:187,2
DA:188,2
DA:189,2
DA:190,2
DA:191,2
DA:192,2
LF:69
LH:69
BRDA:129,1,0,4
BRDA:129,1,1,0
BRDA:130,2,0,1
BRDA:130,2,1,3
BRDA:130,3,0,4
BRDA:130,3,1,1
BRDA:131,4,0,0
BRDA:131,4,1,4
BRDA:131,5,0,4
BRDA:131,5,1,1
BRDA:133,6,0,4
BRDA:133,6,1,0
BRDA:138,7,0,0
BRDA:138,7,1,4
BRDA:139,8,0,0
BRDA:139,8,1,4
BRDA:140,9,0,0
BRDA:140,9,1,4
BRDA:174,10,0,1
BRDA:174,10,1,3
BRDA:179,11,0,1
BRDA:179,11,1,2
BRDA:192,12,0,1
BRDA:192,12,1,1
BRF:24
BRH:18
end_of_record
TN:
SF:/home/travis/build/drawnepicenter/leximaven/src/cmds/comp.js
FN:6,(anonymous_1)
FNF:1
FNH:1
FNDA:1,(anonymous_1)
DA:2,46
DA:3,46
DA:4,46
DA:5,46
DA:6,46
DA:7,1
LF:6
LH:6
BRF:0
BRH:0
end_of_record
TN:
SF:/home/travis/build/drawnepicenter/leximaven/src/cmds/config.js
FN:4,(anonymous_1)
FN:5,(anonymous_2)
FNF:2
FNH:2
FNDA:4,(anonymous_1)
FNDA:4,(anonymous_2)
DA:2,46
DA:3,46
DA:4,46
DA:5,46
LF:4
LH:4
BRF:0
BRH:0
end_of_record
TN:
SF:/home/travis/build/drawnepicenter/leximaven/src/cmds/dmuse.js
FN:4,(anonymous_1)
FN:5,(anonymous_2)
FNF:2
FNH:2
FNDA:3,(anonymous_1)
FNDA:3,(anonymous_2)
DA:2,46
DA:3,46
DA:4,46
DA:5,46
LF:4
LH:4
BRF:0
BRH:0
end_of_record
TN:
SF:/home/travis/build/drawnepicenter/leximaven/src/cmds/ls.js
FN:11,(anonymous_1)
FN:13,(anonymous_2)
FNF:2
FNH:2
FNDA:1,(anonymous_1)
FNDA:3,(anonymous_2)
DA:2,46
DA:4,46
DA:6,46
DA:8,46
DA:9,46
DA:10,46
DA:11,46
DA:12,1
DA:13,1
DA:14,3
DA:15,3
DA:16,3
LF:12
LH:12
BRF:0
BRH:0
end_of_record
TN:
SF:/home/travis/build/drawnepicenter/leximaven/src/cmds/onelook.js
FN:42,(anonymous_1)
FN:73,(anonymous_2)
FN:82,(anonymous_3)
FNF:3
FNH:3
FNDA:3,(anonymous_1)
FNDA:3,(anonymous_2)
FNDA:3,(anonymous_3)
DA:2,46
DA:3,46
DA:5,46
DA:6,46
DA:7,46
DA:8,46
DA:9,46
DA:10,46
DA:12,46
DA:14,46
DA:15,46
DA:16,46
DA:42,46
DA:43,3
DA:44,3
DA:45,3
DA:46,3
DA:47,3
DA:48,3
DA:49,3
DA:50,3
DA:51,3
DA:52,3
DA:53,3
DA:54,3
DA:55,3
DA:60,3
DA:61,3
DA:62,3
DA:63,3
DA:64,3
DA:65,3
DA:66,3
DA:67,3
DA:72,3
DA:73,3
DA:74,3
DA:75,3
DA:76,0
DA:77,0
DA:78,0
DA:80,3
DA:81,3
DA:82,3
DA:83,3
DA:84,3
DA:85,3
DA:86,3
DA:87,3
DA:88,3
DA:89,3
DA:90,0
DA:91,0
DA:92,0
DA:93,0
DA:94,0
DA:95,0
DA:98,3
DA:99,3
DA:100,3
DA:102,3
DA:103,3
DA:104,3
DA:105,3
DA:107,3
DA:108,3
DA:109,3
DA:110,3
DA:112,3
DA:113,1
DA:114,1
DA:115,36
DA:116,36
DA:117,36
DA:118,36
DA:119,36
DA:120,36
DA:121,36
DA:122,36
DA:125,3
DA:126,3
DA:127,3
DA:128,0
DA:129,0
DA:130,3
DA:133,0
DA:135,0
LF:87
LH:74
BRDA:54,1,0,3
BRDA:54,1,1,0
BRDA:60,2,0,3
BRDA:60,2,1,0
BRDA:61,3,0,1
BRDA:61,3,1,2
BRDA:61,4,0,3
BRDA:61,4,1,1
BRDA:62,5,0,0
BRDA:62,5,1,3
BRDA:62,6,0,3
BRDA:62,6,1,1
BRDA:64,7,0,3
BRDA:64,7,1,0
BRDA:74,8,0,3
BRDA:74,8,1,0
BRDA:74,9,0,3
BRDA:74,9,1,3
BRDA:75,10,0,0
BRDA:75,10,1,3
BRDA:78,11,0,0
BRDA:78,11,1,0
BRDA:89,12,0,0
BRDA:89,12,1,3
BRDA:89,13,0,3
BRDA:89,13,1,3
BRDA:102,14,0,3
BRDA:102,14,1,0
BRDA:107,15,0,3
BRDA:107,15,1,0
BRDA:112,16,0,1
BRDA:112,16,1,2
BRDA:125,17,0,1
BRDA:125,17,1,2
BRDA:126,18,0,3
BRDA:126,18,1,0
BRDA:127,19,0,0
BRDA:127,19,1,3
BRF:38
BRH:25
end_of_record
TN:
SF:/home/travis/build/drawnepicenter/leximaven/src/cmds/rhymebrain.js
FN:4,(anonymous_1)
FN:5,(anonymous_2)
FNF:2
FNH:2
FNDA:6,(anonymous_1)
FNDA:6,(anonymous_2)
DA:2,46
DA:3,46
DA:4,46
DA:5,46
LF:4
LH:4
BRF:0
BRH:0
end_of_record
TN:
SF:/home/travis/build/drawnepicenter/leximaven/src/cmds/urban.js
FN:39,(anonymous_1)
FN:55,(anonymous_2)
FN:72,(anonymous_3)
FNF:3
FNH:3
FNDA:2,(anonymous_1)
FNDA:3,(anonymous_2)
FNDA:2,(anonymous_3)
DA:2,46
DA:3,46
DA:5,46
DA:6,46
DA:7,46
DA:9,46
DA:11,46
DA:12,46
DA:13,46
DA:39,46
DA:40,2
DA:41,2
DA:42,2
DA:47,2
DA:48,2
DA:49,2
DA:50,2
DA:51,2
DA:52,2
DA:53,2
DA:54,2
DA:55,1
DA:56,3
DA:59,2
DA:60,2
DA:61,1
DA:63,1
DA:65,2
DA:66,2
DA:67,2
DA:72,2
DA:73,2
DA:74,2
DA:75,2
DA:76,2
DA:77,2
DA:78,2
DA:79,2
DA:80,2
DA:82,2
DA:84,0
LF:41
LH:40
BRDA:47,1,0,2
BRDA:47,1,1,0
BRDA:48,2,0,1
BRDA:48,2,1,1
BRDA:48,3,0,2
BRDA:48,3,1,1
BRDA:49,4,0,0
BRDA:49,4,1,2
BRDA:49,5,0,2
BRDA:49,5,1,1
BRDA:51,6,0,2
BRDA:51,6,1,0
BRDA:54,7,0,1
BRDA:54,7,1,1
BRDA:56,8,0,2
BRDA:56,8,1,1
BRDA:60,9,0,1
BRDA:60,9,1,1
BRDA:73,10,0,2
BRDA:73,10,1,0
BRDA:73,11,0,2
BRDA:73,11,1,2
BRDA:82,12,0,1
BRDA:82,12,1,1
BRF:24
BRH:20
end_of_record
TN:
SF:/home/travis/build/drawnepicenter/leximaven/src/cmds/wordmap.js
FN:26,(anonymous_1)
FNF:1
FNH:1
FNDA:1,(anonymous_1)
DA:1,46
DA:2,46
DA:4,46
DA:5,46
DA:6,46
DA:8,46
DA:10,46
DA:11,46
DA:12,46
DA:26,46
DA:27,1
DA:28,1
DA:29,1
DA:34,1
DA:35,1
DA:36,1
DA:37,1
DA:38,1
DA:39,1
DA:40,1
DA:41,1
DA:42,1
DA:43,1
DA:44,1
DA:45,1
DA:46,1
DA:47,1
DA:48,1
DA:49,1
DA:50,1
DA:51,1
DA:52,1
DA:53,1
DA:54,1
DA:55,1
DA:56,1
LF:36
LH:36
BRDA:34,1,0,1
BRDA:34,1,1,0
BRDA:35,2,0,1
BRDA:35,2,1,0
BRDA:35,3,0,1
BRDA:35,3,1,1
BRDA:36,4,0,0
BRDA:36,4,1,1
BRDA:36,5,0,1
BRDA:36,5,1,1
BRDA:38,6,0,1
BRDA:38,6,1,0
BRF:12
BRH:8
end_of_record
TN:
SF:/home/travis/build/drawnepicenter/leximaven/src/cmds/wordnik.js
FN:4,(anonymous_1)
FN:5,(anonymous_2)
FNF:2
FNH:2
FNDA:14,(anonymous_1)
FNDA:14,(anonymous_2)
DA:2,46
DA:3,46
DA:4,46
DA:5,46
LF:4
LH:4
BRF:0
BRH:0
end_of_record
TN:
SF:/home/travis/build/drawnepicenter/leximaven/src/cmds/config_cmds/get.js
FN:13,(anonymous_1)
FNF:1
FNH:1
FNDA:1,(anonymous_1)
DA:1,4
DA:2,4
DA:4,4
DA:5,4
DA:6,4
DA:8,4
DA:10,4
DA:11,4
DA:12,4
DA:13,4
DA:14,1
DA:15,1
DA:16,1
DA:17,1
DA:18,1
DA:19,1
DA:20,1
DA:21,1
DA:23,0
DA:25,1
LF:20
LH:19
BRDA:19,1,0,0
BRDA:19,1,1,1
BRDA:20,2,0,1
BRDA:20,2,1,0
BRDA:21,3,0,1
BRDA:21,3,1,0
BRF:6
BRH:3
end_of_record
TN:
SF:/home/travis/build/drawnepicenter/leximaven/src/cmds/config_cmds/init.js
FN:20,(anonymous_1)
FNF:1
FNH:1
FNDA:2,(anonymous_1)
DA:1,4
DA:3,4
DA:4,4
DA:5,4
DA:7,4
DA:8,4
DA:10,4
DA:11,4
DA:12,4
DA:20,4
DA:21,2
DA:22,2
DA:23,2
DA:24,2
DA:25,2
DA:26,2
DA:28,0
DA:30,2
DA:31,2
DA:33,0
DA:34,0
DA:35,0
DA:37,0
DA:38,0
DA:41,0
DA:42,0
DA:44,0
DA:47,2
DA:48,2
DA:49,2
DA:50,2
DA:51,2
DA:52,2
DA:53,2
DA:54,1
DA:56,1
DA:57,1
DA:60,2
DA:61,1
DA:62,1
DA:63,1
DA:64,1
DA:65,1
DA:66,1
DA:67,1
DA:68,1
DA:69,1
DA:70,1
DA:71,1
DA:72,1
DA:74,0
DA:76,1
DA:77,1
DA:78,1
DA:80,2
DA:81,2
DA:82,2
DA:83,1
DA:84,1
DA:85,1
DA:92,1
LF:61
LH:51
BRDA:28,1,0,0
BRDA:28,1,1,0
BRDA:30,2,0,2
BRDA:30,2,1,0
BRDA:37,3,0,0
BRDA:37,3,1,0
BRDA:41,4,0,0
BRDA:41,4,1,0
BRDA:56,5,0,1
BRDA:56,5,1,0
BRDA:60,6,0,1
BRDA:60,6,1,1
BRDA:61,7,0,1
BRDA:61,7,1,0
BRDA:76,8,0,1
BRDA:76,8,1,0
BRDA:82,9,0,1
BRDA:82,9,1,1
BRF:18
BRH:8
end_of_record
TN:
SF:/home/travis/build/drawnepicenter/leximaven/src/cmds/config_cmds/set.js
FN:13,(anonymous_1)
FNF:1
FNH:1
FNDA:1,(anonymous_1)
DA:1,4
DA:2,4
DA:4,4
DA:5,4
DA:6,4
DA:8,4
DA:10,4
DA:11,4
DA:12,4
DA:13,4
DA:14,1
DA:15,1
DA:16,1
DA:17,1
DA:18,1
DA:19,1
DA:20,1
DA:21,1
DA:22,1
DA:23,1
DA:24,0
DA:26,1
DA:29,0
DA:32,0
DA:34,1
DA:35,1
LF:26
LH:23
BRDA:20,1,0,0
BRDA:20,1,1,1
BRDA:21,2,0,1
BRDA:21,2,1,0
BRDA:22,3,0,1
BRDA:22,3,1,0
BRDA:23,4,0,0
BRDA:23,4,1,1
BRF:8
BRH:4
end_of_record
TN:
SF:/home/travis/build/drawnepicenter/leximaven/src/cmds/dmuse_cmds/get.js
FN:41,(anonymous_1)
FN:67,(anonymous_2)
FN:73,(anonymous_3)
FN:90,(anonymous_4)
FNF:4
FNH:4
FNDA:1,(anonymous_1)
FNDA:2,(anonymous_2)
FNDA:3,(anonymous_3)
FNDA:1,(anonymous_4)
DA:2,3
DA:3,3
DA:5,3
DA:6,3
DA:7,3
DA:8,3
DA:9,3
DA:11,3
DA:13,3
DA:14,3
DA:15,3
DA:41,3
DA:42,1
DA:43,1
DA:44,1
DA:45,1
DA:46,1
DA:47,1
DA:48,1
DA:49,1
DA:50,1
DA:51,1
DA:52,1
DA:53,1
DA:54,1
DA:59,1
DA:60,1
DA:61,1
DA:62,1
DA:63,1
DA:64,1
DA:65,1
DA:66,1
DA:67,1
DA:68,2
DA:71,1
DA:72,1
DA:73,1
DA:74,3
DA:76,1
DA:77,1
DA:78,1
DA:84,1
DA:89,1
DA:90,1
DA:91,1
DA:92,1
DA:93,0
DA:94,0
DA:95,0
DA:97,1
DA:98,1
DA:99,4
DA:100,4
DA:101,4
DA:102,4
DA:103,4
DA:104,4
DA:105,6
DA:106,4
DA:107,4
DA:108,2
DA:110,4
DA:113,1
DA:114,1
DA:115,0
DA:117,0
LF:67
LH:62
BRDA:53,1,0,1
BRDA:53,1,1,0
BRDA:59,2,0,1
BRDA:59,2,1,0
BRDA:60,3,0,1
BRDA:60,3,1,0
BRDA:60,4,0,1
BRDA:60,4,1,1
BRDA:61,5,0,0
BRDA:61,5,1,1
BRDA:61,6,0,1
BRDA:61,6,1,1
BRDA:63,7,0,1
BRDA:63,7,1,0
BRDA:66,8,0,1
BRDA:66,8,1,0
BRDA:91,9,0,1
BRDA:91,9,1,0
BRDA:91,10,0,1
BRDA:91,10,1,1
BRDA:92,11,0,0
BRDA:92,11,1,1
BRDA:95,12,0,0
BRDA:95,12,1,0
BRDA:102,13,0,4
BRDA:102,13,1,0
BRDA:102,14,0,4
BRDA:102,14,1,4
BRDA:105,15,0,4
BRDA:105,15,1,2
BRDA:113,16,0,1
BRDA:113,16,1,0
BRDA:114,17,0,1
BRDA:114,17,1,0
BRDA:114,18,0,0
BRDA:114,18,1,1
BRF:36
BRH:22
end_of_record
TN:
SF:/home/travis/build/drawnepicenter/leximaven/src/cmds/dmuse_cmds/info.js
FN:14,(anonymous_1)
FN:18,(anonymous_2)
FNF:2
FNH:2
FNDA:1,(anonymous_1)
FNDA:1,(anonymous_2)
DA:2,3
DA:4,3
DA:5,3
DA:6,3
DA:7,3
DA:9,3
DA:11,3
DA:12,3
DA:13,3
DA:14,3
DA:15,1
DA:16,1
DA:17,1
DA:18,1
DA:19,1
DA:20,1
DA:21,1
DA:22,1
DA:23,1
DA:24,1
DA:25,1
DA:26,1
DA:27,1
DA:28,1
DA:29,1
DA:31,0
DA:34,1
DA:35,1
DA:36,1
DA:37,1
DA:38,1
DA:39,1
LF:32
LH:31
BRDA:19,1,0,1
BRDA:19,1,1,0
BRDA:19,2,0,1
BRDA:19,2,1,1
BRF:4
BRH:3
end_of_record
TN:
SF:/home/travis/build/drawnepicenter/leximaven/src/cmds/rhymebrain_cmds/combine.js
FN:46,(anonymous_1)
FN:87,(anonymous_2)
FNF:2
FNH:2
FNDA:2,(anonymous_1)
FNDA:2,(anonymous_2)
DA:2,6
DA:3,6
DA:5,6
DA:6,6
DA:7,6
DA:8,6
DA:10,6
DA:12,6
DA:13,6
DA:14,6
DA:46,6
DA:47,2
DA:48,2
DA:49,2
DA:50,2
DA:51,2
DA:52,2
DA:53,2
DA:54,2
DA:55,2
DA:56,2
DA:57,2
DA:58,2
DA:66,2
DA:67,2
DA:68,2
DA:69,2
DA:70,2
DA:71,2
DA:72,2
DA:73,2
DA:74,2
DA:75,2
DA:76,2
DA:77,2
DA:78,2
DA:79,2
DA:80,2
DA:81,2
DA:82,2
DA:87,2
DA:88,2
DA:89,2
DA:90,0
DA:91,0
DA:92,0
DA:94,2
DA:95,2
DA:96,2
DA:97,2
DA:98,2
DA:99,2
DA:101,2
DA:102,2
DA:103,0
DA:105,0
LF:56
LH:51
BRDA:57,1,0,2
BRDA:57,1,1,0
BRDA:66,2,0,2
BRDA:66,2,1,0
BRDA:67,3,0,1
BRDA:67,3,1,1
BRDA:67,4,0,2
BRDA:67,4,1,1
BRDA:68,5,0,0
BRDA:68,5,1,2
BRDA:68,6,0,2
BRDA:68,6,1,1
BRDA:70,7,0,2
BRDA:70,7,1,0
BRDA:88,8,0,2
BRDA:88,8,1,0
BRDA:88,9,0,2
BRDA:88,9,1,2
BRDA:89,10,0,0
BRDA:89,10,1,2
BRDA:92,11,0,0
BRDA:92,11,1,0
BRDA:101,12,0,1
BRDA:101,12,1,1
BRDA:102,13,0,2
BRDA:102,13,1,0
BRDA:102,14,0,2
BRDA:102,14,1,0
BRF:28
BRH:18
end_of_record
TN:
SF:/home/travis/build/drawnepicenter/leximaven/src/cmds/rhymebrain_cmds/info.js
FN:41,(anonymous_1)
FN:77,(anonymous_2)
FNF:2
FNH:2
FNDA:2,(anonymous_1)
FNDA:2,(anonymous_2)
DA:2,6
DA:3,6
DA:5,6
DA:6,6
DA:7,6
DA:8,6
DA:9,6
DA:11,6
DA:13,6
DA:14,6
DA:15,6
DA:41,6
DA:42,2
DA:43,2
DA:44,2
DA:45,2
DA:46,2
DA:47,2
DA:48,2
DA:49,2
DA:50,2
DA:51,2
DA:52,2
DA:53,2
DA:60,2
DA:61,2
DA:62,2
DA:63,2
DA:64,2
DA:65,2
DA:66,2
DA:67,2
DA:68,2
DA:69,2
DA:70,2
DA:71,2
DA:76,2
DA:77,2
DA:78,2
DA:79,2
DA:80,0
DA:81,0
DA:82,0
DA:84,2
DA:85,2
DA:86,2
DA:87,2
DA:88,2
DA:89,2
DA:90,2
DA:91,2
DA:92,2
DA:93,1
DA:94,1
DA:96,2
DA:97,2
DA:98,2
DA:100,2
DA:101,2
DA:102,2
DA:104,2
DA:105,2
DA:106,2
DA:107,0
DA:109,0
LF:65
LH:60
BRDA:52,1,0,2
BRDA:52,1,1,0
BRDA:60,2,0,2
BRDA:60,2,1,0
BRDA:61,3,0,1
BRDA:61,3,1,1
BRDA:61,4,0,2
BRDA:61,4,1,1
BRDA:62,5,0,0
BRDA:62,5,1,2
BRDA:62,6,0,2
BRDA:62,6,1,1
BRDA:64,7,0,2
BRDA:64,7,1,0
BRDA:78,8,0,2
BRDA:78,8,1,0
BRDA:78,9,0,2
BRDA:78,9,1,2
BRDA:79,10,0,0
BRDA:79,10,1,2
BRDA:82,11,0,0
BRDA:82,11,1,0
BRDA:92,12,0,1
BRDA:92,12,1,1
BRDA:96,13,0,2
BRDA:96,13,1,0
BRDA:100,14,0,2
BRDA:100,14,1,0
BRDA:105,15,0,1
BRDA:105,15,1,1
BRDA:106,16,0,0
BRDA:106,16,1,2
BRF:32
BRH:21
end_of_record
TN:
SF:/home/travis/build/drawnepicenter/leximaven/src/cmds/rhymebrain_cmds/rhyme.js
FN:47,(anonymous_1)
FN:88,(anonymous_2)
FN:97,(anonymous_3)
FN:98,(anonymous_4)
FNF:4
FNH:3
FNDA:2,(anonymous_1)
FNDA:2,(anonymous_2)
FNDA:2,(anonymous_3)
FNDA:0,(anonymous_4)
DA:2,6
DA:3,6
DA:5,6
DA:6,6
DA:7,6
DA:8,6
DA:9,6
DA:11,6
DA:13,6
DA:14,6
DA:15,6
DA:47,6
DA:48,2
DA:49,2
DA:50,2
DA:51,2
DA:52,2
DA:53,2
DA:54,2
DA:55,2
DA:56,2
DA:57,2
DA:58,2
DA:59,2
DA:67,2
DA:68,2
DA:69,2
DA:70,2
DA:71,2
DA:72,2
DA:73,2
DA:74,2
DA:75,2
DA:76,2
DA:77,2
DA:78,2
DA:79,2
DA:80,2
DA:81,2
DA:82,2
DA:87,2
DA:88,2
DA:89,2
DA:90,2
DA:91,0
DA:92,0
DA:93,0
DA:95,2
DA:96,2
DA:97,2
DA:98,2
DA:99,0
DA:100,0
DA:101,0
DA:103,2
DA:104,2
DA:105,2
DA:106,2
DA:107,2
DA:109,2
DA:110,2
DA:111,2
DA:112,2
DA:113,0
DA:115,0
LF:65
LH:57
BRDA:58,1,0,2
BRDA:58,1,1,0
BRDA:67,2,0,2
BRDA:67,2,1,0
BRDA:68,3,0,1
BRDA:68,3,1,1
BRDA:68,4,0,2
BRDA:68,4,1,1
BRDA:69,5,0,0
BRDA:69,5,1,2
BRDA:69,6,0,2
BRDA:69,6,1,1
BRDA:71,7,0,2
BRDA:71,7,1,0
BRDA:89,8,0,2
BRDA:89,8,1,0
BRDA:89,9,0,2
BRDA:89,9,1,2
BRDA:90,10,0,0
BRDA:90,10,1,2
BRDA:93,11,0,0
BRDA:93,11,1,0
BRDA:99,12,0,0
BRDA:99,12,1,0
BRDA:100,13,0,0
BRDA:100,13,1,0
BRDA:107,14,0,0
BRDA:107,14,1,2
BRDA:111,15,0,1
BRDA:111,15,1,1
BRDA:112,16,0,2
BRDA:112,16,1,0
BRDA:112,17,0,0
BRDA:112,17,1,2
BRF:34
BRH:19
end_of_record
TN:
SF:/home/travis/build/drawnepicenter/leximaven/src/cmds/wordnik_cmds/define.js
FN:59,(anonymous_1)
FN:111,(anonymous_2)
FNF:2
FNH:2
FNDA:2,(anonymous_1)
FNDA:2,(anonymous_2)
DA:2,14
DA:3,14
DA:5,14
DA:6,14
DA:7,14
DA:8,14
DA:9,14
DA:11,14
DA:13,14
DA:14,14
DA:15,14
DA:59,14
DA:60,2
DA:61,2
DA:62,2
DA:63,2
DA:64,2
DA:65,2
DA:66,2
DA:67,2
DA:68,2
DA:69,2
DA:70,2
DA:71,2
DA:72,2
DA:82,2
DA:83,2
DA:84,2
DA:85,2
DA:86,2
DA:87,2
DA:88,2
DA:89,2
DA:90,2
DA:91,2
DA:92,2
DA:93,2
DA:94,2
DA:95,2
DA:96,2
DA:97,2
DA:98,2
DA:99,2
DA:100,2
DA:101,2
DA:102,2
DA:103,2
DA:107,2
DA:108,2
DA:109,2
DA:110,2
DA:111,2
DA:112,2
DA:113,2
DA:114,0
DA:115,0
DA:116,0
DA:118,2
DA:119,2
DA:120,2
DA:121,2
DA:122,2
DA:123,2
DA:124,2
DA:125,2
DA:126,2
DA:127,2
DA:128,2
DA:129,2
DA:131,2
DA:132,2
DA:133,0
DA:135,0
LF:73
LH:68
BRDA:60,1,0,0
BRDA:60,1,1,2
BRDA:71,2,0,2
BRDA:71,2,1,0
BRDA:82,3,0,2
BRDA:82,3,1,0
BRDA:83,4,0,1
BRDA:83,4,1,1
BRDA:83,5,0,2
BRDA:83,5,1,1
BRDA:84,6,0,0
BRDA:84,6,1,2
BRDA:84,7,0,2
BRDA:84,7,1,1
BRDA:86,8,0,2
BRDA:86,8,1,0
BRDA:112,9,0,2
BRDA:112,9,1,0
BRDA:112,10,0,2
BRDA:112,10,1,2
BRDA:113,11,0,0
BRDA:113,11,1,2
BRDA:116,12,0,0
BRDA:116,12,1,0
BRDA:131,13,0,1
BRDA:131,13,1,1
BRDA:132,14,0,2
BRDA:132,14,1,0
BRDA:132,15,0,2
BRDA:132,15,1,0
BRF:30
BRH:19
end_of_record
TN:
SF:/home/travis/build/drawnepicenter/leximaven/src/cmds/wordnik_cmds/example.js
FN:52,(anonymous_1)
FN:97,(anonymous_2)
FNF:2
FNH:2
FNDA:2,(anonymous_1)
FNDA:2,(anonymous_2)
DA:2,14
DA:3,14
DA:5,14
DA:6,14
DA:7,14
DA:8,14
DA:10,14
DA:12,14
DA:13,14
DA:14,14
DA:52,14
DA:53,2
DA:54,2
DA:55,2
DA:56,2
DA:57,2
DA:58,2
DA:59,2
DA:60,2
DA:61,2
DA:62,2
DA:63,2
DA:64,2
DA:65,2
DA:74,2
DA:75,2
DA:76,2
DA:77,2
DA:78,2
DA:79,2
DA:80,2
DA:81,2
DA:82,2
DA:83,2
DA:84,2
DA:85,2
DA:86,2
DA:87,2
DA:88,2
DA:89,2
DA:90,2
DA:91,2
DA:92,2
DA:93,2
DA:97,2
DA:98,2
DA:99,2
DA:100,0
DA:101,0
DA:102,0
DA:104,2
DA:105,2
DA:106,2
DA:107,2
DA:108,2
DA:109,2
DA:111,2
DA:112,2
DA:113,0
DA:115,0
LF:60
LH:55
BRDA:53,1,0,0
BRDA:53,1,1,2
BRDA:64,2,0,2
BRDA:64,2,1,0
BRDA:74,3,0,2
BRDA:74,3,1,0
BRDA:75,4,0,1
BRDA:75,4,1,1
BRDA:75,5,0,2
BRDA:75,5,1,1
BRDA:76,6,0,0
BRDA:76,6,1,2
BRDA:76,7,0,2
BRDA:76,7,1,1
BRDA:78,8,0,2
BRDA:78,8,1,0
BRDA:88,9,0,2
BRDA:88,9,1,0
BRDA:98,10,0,2
BRDA:98,10,1,0
BRDA:98,11,0,2
BRDA:98,11,1,2
BRDA:99,12,0,0
BRDA:99,12,1,2
BRDA:102,13,0,0
BRDA:102,13,1,0
BRDA:111,14,0,1
BRDA:111,14,1,1
BRDA:112,15,0,2
BRDA:112,15,1,0
BRDA:112,16,0,0
BRDA:112,16,1,2
BRF:32
BRH:20
end_of_record
TN:
SF:/home/travis/build/drawnepicenter/leximaven/src/cmds/wordnik_cmds/hyphen.js
FN:53,(anonymous_1)
FN:98,(anonymous_2)
FNF:2
FNH:2
FNDA:2,(anonymous_1)
FNDA:2,(anonymous_2)
DA:2,14
DA:3,14
DA:5,14
DA:6,14
DA:7,14
DA:8,14
DA:9,14
DA:11,14
DA:13,14
DA:14,14
DA:15,14
DA:53,14
DA:54,2
DA:55,2
DA:56,2
DA:57,2
DA:58,2
DA:59,2
DA:60,2
DA:61,2
DA:62,2
DA:63,2
DA:64,2
DA:65,2
DA:66,2
DA:75,2
DA:76,2
DA:77,2
DA:78,2
DA:79,2
DA:80,2
DA:81,2
DA:82,2
DA:83,2
DA:84,2
DA:85,2
DA:86,2
DA:87,2
DA:88,2
DA:89,2
DA:90,2
DA:91,2
DA:92,2
DA:93,2
DA:97,2
DA:98,2
DA:99,2
DA:100,2
DA:101,0
DA:102,0
DA:103,0
DA:105,2
DA:106,2
DA:107,2
DA:108,8
DA:109,8
DA:110,2
DA:111,2
DA:112,6
DA:113,0
DA:114,0
DA:116,6
DA:117,6
DA:119,8
DA:121,2
DA:122,2
DA:123,2
DA:124,0
DA:126,0
LF:69
LH:62
BRDA:54,1,0,0
BRDA:54,1,1,2
BRDA:65,2,0,2
BRDA:65,2,1,0
BRDA:75,3,0,2
BRDA:75,3,1,0
BRDA:76,4,0,1
BRDA:76,4,1,1
BRDA:76,5,0,2
BRDA:76,5,1,1
BRDA:77,6,0,0
BRDA:77,6,1,2
BRDA:77,7,0,2
BRDA:77,7,1,1
BRDA:79,8,0,2
BRDA:79,8,1,0
BRDA:87,9,0,0
BRDA:87,9,1,2
BRDA:99,10,0,2
BRDA:99,10,1,0
BRDA:99,11,0,2
BRDA:99,11,1,2
BRDA:100,12,0,0
BRDA:100,12,1,2
BRDA:103,13,0,0
BRDA:103,13,1,0
BRDA:109,14,0,2
BRDA:109,14,1,6
BRDA:112,15,0,0
BRDA:112,15,1,6
BRDA:119,16,0,6
BRDA:119,16,1,2
BRDA:122,17,0,1
BRDA:122,17,1,1
BRDA:123,18,0,2
BRDA:123,18,1,0
BRDA:123,19,0,0
BRDA:123,19,1,2
BRF:38
BRH:25
end_of_record
TN:
SF:/home/travis/build/drawnepicenter/leximaven/src/cmds/wordnik_cmds/origin.js
FN:42,(anonymous_1)
FN:84,(anonymous_2)
FN:93,(anonymous_3)
FNF:3
FNH:3
FNDA:2,(anonymous_1)
FNDA:2,(anonymous_2)
FNDA:2,(anonymous_3)
DA:2,14
DA:3,14
DA:5,14
DA:6,14
DA:7,14
DA:8,14
DA:9,14
DA:10,14
DA:12,14
DA:14,14
DA:15,14
DA:16,14
DA:42,14
DA:43,2
DA:44,2
DA:45,2
DA:46,2
DA:47,2
DA:48,2
DA:49,2
DA:50,2
DA:51,2
DA:52,2
DA:53,2
DA:54,2
DA:55,2
DA:62,2
DA:63,2
DA:64,2
DA:65,2
DA:66,2
DA:67,2
DA:68,2
DA:69,2
DA:70,2
DA:71,2
DA:72,2
DA:73,2
DA:74,2
DA:75,2
DA:76,2
DA:77,2
DA:78,2
DA:79,2
DA:83,2
DA:84,2
DA:85,2
DA:86,2
DA:87,0
DA:88,0
DA:89,0
DA:91,2
DA:92,2
DA:93,2
DA:94,2
DA:95,2
DA:96,2
DA:97,2
DA:98,2
DA:99,2
DA:100,2
DA:102,2
DA:103,2
DA:104,0
DA:106,0
LF:65
LH:60
BRDA:43,1,0,0
BRDA:43,1,1,2
BRDA:54,2,0,2
BRDA:54,2,1,0
BRDA:62,3,0,2
BRDA:62,3,1,0
BRDA:63,4,0,1
BRDA:63,4,1,1
BRDA:63,5,0,2
BRDA:63,5,1,1
BRDA:64,6,0,0
BRDA:64,6,1,2
BRDA:64,7,0,2
BRDA:64,7,1,1
BRDA:66,8,0,2
BRDA:66,8,1,0
BRDA:85,9,0,2
BRDA:85,9,1,0
BRDA:85,10,0,2
BRDA:85,10,1,2
BRDA:86,11,0,0
BRDA:86,11,1,2
BRDA:89,12,0,0
BRDA:89,12,1,0
BRDA:102,13,0,1
BRDA:102,13,1,1
BRDA:103,14,0,2
BRDA:103,14,1,0
BRDA:103,15,0,0
BRDA:103,15,1,2
BRF:30
BRH:19
end_of_record
TN:
SF:/home/travis/build/drawnepicenter/leximaven/src/cmds/wordnik_cmds/phrase.js
FN:52,(anonymous_1)
FN:97,(anonymous_2)
FNF:2
FNH:2
FNDA:2,(anonymous_1)
FNDA:2,(anonymous_2)
DA:2,14
DA:3,14
DA:5,14
DA:6,14
DA:7,14
DA:8,14
DA:10,14
DA:12,14
DA:13,14
DA:14,14
DA:52,14
DA:53,2
DA:54,2
DA:55,2
DA:56,2
DA:57,2
DA:58,2
DA:59,2
DA:60,2
DA:61,2
DA:62,2
DA:63,2
DA:64,2
DA:65,2
DA:74,2
DA:75,2
DA:76,2
DA:77,2
DA:78,2
DA:79,2
DA:80,2
DA:81,2
DA:82,2
DA:83,2
DA:84,2
DA:85,2
DA:86,2
DA:87,2
DA:88,2
DA:89,2
DA:90,2
DA:91,2
DA:92,2
DA:93,2
DA:97,2
DA:98,2
DA:99,2
DA:100,0
DA:101,0
DA:102,0
DA:104,2
DA:105,2
DA:106,1
DA:107,1
DA:108,1
DA:109,1
DA:111,2
DA:112,2
DA:113,0
DA:115,0
LF:60
LH:55
BRDA:53,1,0,0
BRDA:53,1,1,2
BRDA:64,2,0,2
BRDA:64,2,1,0
BRDA:74,3,0,2
BRDA:74,3,1,0
BRDA:75,4,0,1
BRDA:75,4,1,1
BRDA:75,5,0,2
BRDA:75,5,1,1
BRDA:76,6,0,0
BRDA:76,6,1,2
BRDA:76,7,0,2
BRDA:76,7,1,1
BRDA:78,8,0,2
BRDA:78,8,1,0
BRDA:98,9,0,2
BRDA:98,9,1,0
BRDA:98,10,0,2
BRDA:98,10,1,2
BRDA:99,11,0,0
BRDA:99,11,1,2
BRDA:102,12,0,0
BRDA:102,12,1,0
BRDA:111,13,0,1
BRDA:111,13,1,1
BRDA:112,14,0,2
BRDA:112,14,1,0
BRDA:112,15,0,0
BRDA:112,15,1,2
BRF:30
BRH:19
end_of_record
TN:
SF:/home/travis/build/drawnepicenter/leximaven/src/cmds/wordnik_cmds/pronounce.js
FN:58,(anonymous_1)
FN:106,(anonymous_2)
FNF:2
FNH:2
FNDA:2,(anonymous_1)
FNDA:2,(anonymous_2)
DA:2,14
DA:3,14
DA:5,14
DA:6,14
DA:7,14
DA:8,14
DA:10,14
DA:12,14
DA:13,14
DA:14,14
DA:58,14
DA:59,2
DA:60,2
DA:61,2
DA:62,2
DA:63,2
DA:64,2
DA:65,2
DA:66,2
DA:67,2
DA:68,2
DA:69,2
DA:70,2
DA:71,2
DA:81,2
DA:82,2
DA:83,2
DA:84,2
DA:85,2
DA:86,2
DA:87,2
DA:88,2
DA:89,2
DA:90,2
DA:91,2
DA:92,2
DA:93,2
DA:94,2
DA:95,2
DA:96,2
DA:97,2
DA:98,2
DA:99,2
DA:100,2
DA:101,2
DA:105,2
DA:106,2
DA:107,2
DA:108,2
DA:109,0
DA:110,0
DA:111,0
DA:113,2
DA:114,2
DA:115,3
DA:116,3
DA:117,3
DA:118,3
DA:120,2
DA:121,2
DA:122,0
DA:124,0
LF:62
LH:57
BRDA:59,1,0,0
BRDA:59,1,1,2
BRDA:70,2,0,2
BRDA:70,2,1,0
BRDA:81,3,0,2
BRDA:81,3,1,0
BRDA:82,4,0,1
BRDA:82,4,1,1
BRDA:82,5,0,2
BRDA:82,5,1,1
BRDA:83,6,0,0
BRDA:83,6,1,2
BRDA:83,7,0,2
BRDA:83,7,1,1
BRDA:85,8,0,2
BRDA:85,8,1,0
BRDA:93,9,0,0
BRDA:93,9,1,2
BRDA:94,10,0,0
BRDA:94,10,1,2
BRDA:107,11,0,2
BRDA:107,11,1,0
BRDA:107,12,0,2
BRDA:107,12,1,2
BRDA:108,13,0,0
BRDA:108,13,1,2
BRDA:111,14,0,0
BRDA:111,14,1,0
BRDA:120,15,0,1
BRDA:120,15,1,1
BRDA:121,16,0,2
BRDA:121,16,1,0
BRDA:121,17,0,0
BRDA:121,17,1,2
BRF:34
BRH:21
end_of_record
TN:
SF:/home/travis/build/drawnepicenter/leximaven/src/cmds/wordnik_cmds/relate.js
FN:52,(anonymous_1)
FN:98,(anonymous_2)
FNF:2
FNH:2
FNDA:2,(anonymous_1)
FNDA:2,(anonymous_2)
DA:2,14
DA:3,14
DA:5,14
DA:6,14
DA:7,14
DA:8,14
DA:10,14
DA:12,14
DA:13,14
DA:14,14
DA:52,14
DA:53,2
DA:54,2
DA:55,2
DA:56,2
DA:57,2
DA:58,2
DA:59,2
DA:60,2
DA:61,2
DA:62,2
DA:63,2
DA:64,2
DA:65,2
DA:74,2
DA:75,2
DA:76,2
DA:77,2
DA:78,2
DA:79,2
DA:80,2
DA:81,2
DA:82,2
DA:83,2
DA:84,2
DA:85,2
DA:86,2
DA:87,2
DA:88,2
DA:89,2
DA:90,2
DA:91,2
DA:92,2
DA:93,2
DA:97,2
DA:98,2
DA:99,2
DA:100,2
DA:101,0
DA:102,0
DA:103,0
DA:105,2
DA:106,2
DA:107,12
DA:108,12
DA:109,12
DA:110,12
DA:112,2
DA:113,2
DA:114,0
DA:116,0
LF:61
LH:56
BRDA:53,1,0,0
BRDA:53,1,1,2
BRDA:64,2,0,2
BRDA:64,2,1,0
BRDA:74,3,0,2
BRDA:74,3,1,0
BRDA:75,4,0,1
BRDA:75,4,1,1
BRDA:75,5,0,2
BRDA:75,5,1,1
BRDA:76,6,0,0
BRDA:76,6,1,2
BRDA:76,7,0,2
BRDA:76,7,1,1
BRDA:78,8,0,2
BRDA:78,8,1,0
BRDA:86,9,0,0
BRDA:86,9,1,2
BRDA:99,10,0,2
BRDA:99,10,1,0
BRDA:99,11,0,2
BRDA:99,11,1,2
BRDA:100,12,0,0
BRDA:100,12,1,2
BRDA:103,13,0,0
BRDA:103,13,1,0
BRDA:112,14,0,1
BRDA:112,14,1,1
BRDA:113,15,0,2
BRDA:113,15,1,0
BRDA:113,16,0,0
BRDA:113,16,1,2
BRF:32
BRH:20
end_of_record
