TN:
SF:/home/drew/sync/gitlab/drawnepicenter/leximaven/build/leximaven.js
FNF:0
FNH:0
DA:4,23
DA:5,23
DA:6,23
DA:7,23
DA:8,23
LF:5
LH:5
BRF:0
BRH:0
end_of_record
TN:
SF:/home/drew/sync/gitlab/drawnepicenter/leximaven/build/cmds/acronym.js
FN:,(anonymous_1)
FN:,(anonymous_2)
FNF:2
FNH:2
FNDA:1,(anonymous_1)
FNDA:1,(anonymous_2)
DA:3,23
DA:4,23
DA:6,23
DA:7,23
DA:8,23
DA:9,23
DA:11,23
DA:13,23
DA:14,23
DA:15,23
DA:29,23
DA:30,1
DA:31,1
DA:32,1
DA:33,1
DA:34,1
DA:35,1
DA:36,1
DA:37,1
DA:38,1
DA:39,1
DA:40,1
DA:41,1
DA:42,0
DA:44,1
DA:45,1
DA:46,1
DA:47,1
DA:48,5
DA:49,5
DA:50,5
DA:51,5
DA:52,2
DA:53,1
DA:54,1
DA:55,1
DA:56,1
DA:58,1
DA:59,1
DA:62,5
DA:63,5
DA:65,1
DA:68,0
LF:43
LH:41
BRDA:,1,0,0
BRDA:,1,1,1
BRDA:,2,0,1
BRDA:,2,1,0
BRDA:,3,0,1
BRDA:,3,1,1
BRDA:,4,0,0
BRDA:,4,1,1
BRDA:,5,0,2
BRDA:,5,1,3
BRDA:,6,0,1
BRDA:,6,1,1
BRDA:,7,0,1
BRDA:,7,1,0
BRF:14
BRH:10
end_of_record
TN:
SF:/home/drew/sync/gitlab/drawnepicenter/leximaven/build/themes.js
FN:,(anonymous_1)
FN:,(anonymous_2)
FN:,(anonymous_3)
FN:,(anonymous_4)
FNF:4
FNH:4
FNDA:22,(anonymous_1)
FNDA:1,(anonymous_2)
FNDA:13,(anonymous_3)
FNDA:30,(anonymous_4)
DA:3,23
DA:4,23
DA:5,23
DA:6,23
DA:19,23
DA:20,22
DA:28,23
DA:29,1
DA:30,1
DA:31,1
DA:32,3
DA:33,3
DA:34,3
DA:35,3
DA:37,1
DA:47,23
DA:48,13
DA:49,13
DA:50,13
DA:51,13
DA:52,13
DA:53,13
DA:54,13
DA:55,13
DA:56,6
DA:57,6
DA:58,6
DA:59,6
DA:70,23
DA:71,30
DA:72,30
DA:73,30
DA:74,30
DA:75,30
DA:76,30
DA:77,30
DA:78,25
DA:79,25
DA:80,25
DA:81,25
LF:40
LH:40
BRDA:,1,0,6
BRDA:,1,1,7
BRDA:,2,0,13
BRDA:,2,1,7
BRDA:,3,0,25
BRDA:,3,1,5
BRDA:,4,0,30
BRDA:,4,1,5
BRF:8
BRH:8
end_of_record
TN:
SF:/home/drew/sync/gitlab/drawnepicenter/leximaven/build/tools.js
FN:,checkOutfile
FN:,(anonymous_2)
FN:,(anonymous_3)
FN:,(anonymous_4)
FNF:4
FNH:4
FNDA:15,checkOutfile
FNDA:1,(anonymous_2)
FNDA:18,(anonymous_3)
FNDA:15,(anonymous_4)
DA:3,23
DA:4,23
DA:5,23
DA:6,23
DA:20,15
DA:21,15
DA:22,15
DA:23,0
DA:25,15
DA:26,15
DA:29,15
DA:38,23
DA:39,1
DA:40,1
DA:41,1
DA:42,1
DA:50,23
DA:51,18
DA:52,18
DA:54,0
DA:55,0
DA:56,0
DA:58,0
DA:70,23
DA:71,15
DA:72,15
DA:73,15
DA:74,15
DA:75,0
DA:76,0
DA:77,0
DA:78,0
DA:79,0
DA:80,0
DA:81,0
DA:83,0
DA:86,0
DA:87,0
DA:88,0
DA:89,0
DA:90,0
DA:92,15
DA:93,15
DA:94,0
DA:95,0
DA:96,0
DA:98,0
DA:101,15
DA:102,15
DA:104,0
LF:50
LH:27
BRDA:,1,0,15
BRDA:,1,1,0
BRDA:,2,0,0
BRDA:,2,1,1
BRDA:,3,0,1
BRDA:,3,1,0
BRDA:,4,0,0
BRDA:,4,1,0
BRDA:,5,0,0
BRDA:,5,1,15
BRDA:,6,0,0
BRDA:,6,1,0
BRDA:,7,0,0
BRDA:,7,1,0
BRDA:,8,0,15
BRDA:,8,1,0
BRDA:,9,0,15
BRDA:,9,1,15
BRDA:,9,2,0
BRDA:,9,3,0
BRDA:,9,4,0
BRDA:,9,5,0
BRDA:,10,0,0
BRDA:,10,1,15
BRDA:,11,0,0
BRDA:,11,1,0
BRF:26
BRH:8
end_of_record
TN:
SF:/home/drew/sync/gitlab/drawnepicenter/leximaven/build/cmds/anagram.js
FN:,(anonymous_1)
FN:,(anonymous_2)
FNF:2
FNH:2
FNDA:1,(anonymous_1)
FNDA:1,(anonymous_2)
DA:3,23
DA:4,23
DA:6,23
DA:7,23
DA:8,23
DA:9,23
DA:10,23
DA:12,23
DA:13,23
DA:15,23
DA:16,23
DA:17,23
DA:103,23
DA:104,1
DA:105,1
DA:106,1
DA:119,1
DA:120,1
DA:121,1
DA:122,1
DA:123,1
DA:124,1
DA:125,1
DA:126,1
DA:127,1
DA:128,1
DA:129,1
DA:130,1
DA:131,1
DA:132,1
DA:133,1
DA:134,1
DA:135,1
DA:136,1
DA:137,1
DA:138,1
DA:139,1
DA:140,1
DA:141,1
DA:142,1
DA:143,1
DA:144,1
DA:145,1
DA:146,1
DA:151,1
DA:152,1
DA:153,1
DA:156,1
DA:157,1
DA:158,1
DA:159,0
DA:160,0
DA:161,0
DA:162,0
DA:163,1
DA:164,0
DA:166,1
DA:167,1
DA:168,1
DA:169,1
DA:170,1
DA:171,1
DA:172,1
DA:173,1
DA:174,1
DA:175,1
DA:176,1
DA:177,1
DA:178,1
LF:69
LH:64
BRDA:,1,0,1
BRDA:,1,1,0
BRDA:,2,0,0
BRDA:,2,1,1
BRDA:,3,0,0
BRDA:,3,1,1
BRDA:,4,0,0
BRDA:,4,1,1
BRDA:,5,0,0
BRDA:,5,1,1
BRDA:,6,0,0
BRDA:,6,1,1
BRDA:,7,0,0
BRDA:,7,1,1
BRDA:,8,0,1
BRDA:,8,1,0
BRDA:,9,0,0
BRDA:,9,1,1
BRDA:,10,0,1
BRDA:,10,1,0
BRDA:,11,0,0
BRDA:,11,1,1
BRDA:,12,0,1
BRDA:,12,1,0
BRF:24
BRH:12
end_of_record
TN:
SF:/home/drew/sync/gitlab/drawnepicenter/leximaven/build/cmds/comp.js
FN:,(anonymous_1)
FNF:1
FNH:1
FNDA:1,(anonymous_1)
DA:3,23
DA:4,23
DA:5,23
DA:6,23
DA:7,23
DA:8,1
LF:6
LH:6
BRF:0
BRH:0
end_of_record
TN:
SF:/home/drew/sync/gitlab/drawnepicenter/leximaven/build/cmds/config.js
FN:,(anonymous_1)
FN:,(anonymous_2)
FNF:2
FNH:2
FNDA:3,(anonymous_1)
FNDA:3,(anonymous_2)
DA:4,23
DA:5,23
DA:6,23
DA:7,3
DA:9,23
LF:5
LH:5
BRF:0
BRH:0
end_of_record
TN:
SF:/home/drew/sync/gitlab/drawnepicenter/leximaven/build/cmds/datamuse.js
FN:,(anonymous_1)
FN:,(anonymous_2)
FN:,(anonymous_3)
FNF:3
FNH:3
FNDA:1,(anonymous_1)
FNDA:1,(anonymous_2)
FNDA:1,(anonymous_3)
DA:3,23
DA:4,23
DA:6,23
DA:7,23
DA:8,23
DA:9,23
DA:11,23
DA:13,23
DA:14,23
DA:15,23
DA:41,23
DA:42,1
DA:43,1
DA:44,1
DA:49,1
DA:50,1
DA:51,1
DA:52,1
DA:53,1
DA:54,1
DA:55,0
DA:56,0
DA:59,1
DA:60,1
DA:61,1
DA:62,1
DA:64,1
DA:65,1
DA:66,1
DA:72,1
DA:73,1
DA:74,1
DA:75,1
DA:76,1
DA:77,1
DA:78,4
DA:79,4
DA:80,4
DA:81,4
DA:82,4
DA:83,4
DA:84,6
DA:85,4
DA:86,4
DA:88,2
DA:91,4
DA:94,1
DA:95,1
DA:96,1
DA:98,0
LF:50
LH:47
BRDA:,1,0,1
BRDA:,1,1,0
BRDA:,2,0,0
BRDA:,2,1,1
BRDA:,3,0,0
BRDA:,3,1,1
BRDA:,4,0,1
BRDA:,4,1,0
BRDA:,5,0,1
BRDA:,5,1,1
BRDA:,6,0,4
BRDA:,6,1,0
BRDA:,7,0,4
BRDA:,7,1,4
BRDA:,8,0,4
BRDA:,8,1,2
BRDA:,9,0,1
BRDA:,9,1,0
BRDA:,10,0,0
BRDA:,10,1,1
BRDA:,11,0,1
BRDA:,11,1,0
BRDA:,12,0,0
BRDA:,12,1,1
BRDA:,13,0,1
BRDA:,13,1,0
BRF:26
BRH:16
end_of_record
TN:
SF:/home/drew/sync/gitlab/drawnepicenter/leximaven/build/cmds/ls.js
FN:,(anonymous_1)
FN:,(anonymous_2)
FNF:2
FNH:2
FNDA:1,(anonymous_1)
FNDA:3,(anonymous_2)
DA:4,23
DA:6,23
DA:8,23
DA:10,23
DA:11,23
DA:12,23
DA:13,23
DA:14,1
DA:15,1
DA:16,3
DA:17,3
DA:18,3
LF:12
LH:12
BRF:0
BRH:0
end_of_record
TN:
SF:/home/drew/sync/gitlab/drawnepicenter/leximaven/build/cmds/onelook.js
FN:,(anonymous_1)
FN:,(anonymous_2)
FNF:2
FNH:2
FNDA:1,(anonymous_1)
FNDA:1,(anonymous_2)
DA:3,23
DA:4,23
DA:6,23
DA:7,23
DA:8,23
DA:9,23
DA:11,23
DA:13,23
DA:14,23
DA:15,23
DA:41,23
DA:42,1
DA:43,1
DA:44,1
DA:49,1
DA:50,1
DA:51,1
DA:52,1
DA:53,1
DA:54,1
DA:55,1
DA:56,1
DA:57,1
DA:58,1
DA:59,1
DA:60,1
DA:61,1
DA:62,1
DA:63,1
DA:64,1
DA:65,1
DA:66,0
DA:67,0
DA:68,0
DA:69,0
DA:70,0
DA:71,0
DA:74,1
DA:75,1
DA:76,1
DA:78,1
DA:79,1
DA:80,1
DA:81,1
DA:83,1
DA:84,1
DA:85,1
DA:86,1
DA:88,1
DA:89,0
DA:90,0
DA:91,0
DA:92,0
DA:93,0
DA:94,0
DA:95,0
DA:96,0
DA:99,1
DA:100,1
DA:101,1
DA:103,0
LF:61
LH:46
BRDA:,1,0,1
BRDA:,1,1,0
BRDA:,2,0,0
BRDA:,2,1,1
BRDA:,3,0,1
BRDA:,3,1,0
BRDA:,4,0,1
BRDA:,4,1,1
BRDA:,5,0,0
BRDA:,5,1,1
BRDA:,6,0,1
BRDA:,6,1,0
BRDA:,7,0,1
BRDA:,7,1,0
BRDA:,8,0,0
BRDA:,8,1,1
BRDA:,9,0,1
BRDA:,9,1,0
BRDA:,10,0,0
BRDA:,10,1,1
BRDA:,11,0,1
BRDA:,11,1,0
BRDA:,12,0,0
BRDA:,12,1,1
BRDA:,13,0,1
BRDA:,13,1,0
BRF:26
BRH:14
end_of_record
TN:
SF:/home/drew/sync/gitlab/drawnepicenter/leximaven/build/cmds/rhymebrain.js
FN:,(anonymous_1)
FN:,(anonymous_2)
FNF:2
FNH:2
FNDA:3,(anonymous_1)
FNDA:3,(anonymous_2)
DA:4,23
DA:5,23
DA:6,23
DA:7,3
DA:9,23
LF:5
LH:5
BRF:0
BRH:0
end_of_record
TN:
SF:/home/drew/sync/gitlab/drawnepicenter/leximaven/build/cmds/urban.js
FN:,(anonymous_1)
FN:,(anonymous_2)
FNF:2
FNH:2
FNDA:1,(anonymous_1)
FNDA:1,(anonymous_2)
DA:3,23
DA:4,23
DA:6,23
DA:7,23
DA:8,23
DA:9,23
DA:11,23
DA:13,23
DA:14,23
DA:15,23
DA:41,23
DA:42,1
DA:43,1
DA:44,1
DA:49,1
DA:50,1
DA:51,1
DA:52,1
DA:53,1
DA:54,1
DA:55,0
DA:56,0
DA:59,1
DA:60,1
DA:61,0
DA:63,1
DA:65,1
DA:66,1
DA:67,1
DA:68,1
DA:69,1
DA:70,1
DA:71,1
DA:72,1
DA:73,1
DA:74,1
DA:75,1
DA:77,1
DA:78,1
DA:79,1
DA:81,0
LF:41
LH:37
BRDA:,1,0,1
BRDA:,1,1,0
BRDA:,2,0,0
BRDA:,2,1,1
BRDA:,3,0,0
BRDA:,3,1,1
BRDA:,4,0,0
BRDA:,4,1,1
BRDA:,5,0,1
BRDA:,5,1,0
BRDA:,6,0,1
BRDA:,6,1,1
BRDA:,7,0,1
BRDA:,7,1,0
BRDA:,8,0,0
BRDA:,8,1,1
BRDA:,9,0,1
BRDA:,9,1,0
BRDA:,10,0,0
BRDA:,10,1,1
BRDA:,11,0,1
BRDA:,11,1,0
BRF:22
BRH:12
end_of_record
TN:
SF:/home/drew/sync/gitlab/drawnepicenter/leximaven/build/cmds/wordmap.js
FN:,(anonymous_1)
FNF:1
FNH:1
FNDA:1,(anonymous_1)
DA:3,23
DA:4,23
DA:6,23
DA:7,23
DA:8,23
DA:10,23
DA:12,23
DA:13,23
DA:14,23
DA:28,23
DA:29,1
DA:30,1
DA:31,1
DA:36,1
DA:37,1
DA:38,1
DA:39,1
DA:40,1
DA:41,1
DA:42,1
DA:43,1
DA:44,1
DA:45,1
DA:46,1
DA:47,1
DA:48,1
DA:49,1
DA:50,1
DA:51,1
DA:52,1
DA:53,1
DA:54,1
DA:55,1
DA:56,1
DA:57,1
DA:58,1
LF:36
LH:36
BRDA:,1,0,1
BRDA:,1,1,0
BRDA:,2,0,0
BRDA:,2,1,1
BRDA:,3,0,0
BRDA:,3,1,1
BRDA:,4,0,1
BRDA:,4,1,0
BRDA:,5,0,0
BRDA:,5,1,1
BRDA:,6,0,1
BRDA:,6,1,0
BRF:12
BRH:6
end_of_record
TN:
SF:/home/drew/sync/gitlab/drawnepicenter/leximaven/build/cmds/wordnik.js
FN:,(anonymous_1)
FN:,(anonymous_2)
FNF:2
FNH:2
FNDA:7,(anonymous_1)
FNDA:7,(anonymous_2)
DA:4,23
DA:5,23
DA:6,23
DA:7,7
DA:9,23
LF:5
LH:5
BRF:0
BRH:0
end_of_record
TN:
SF:/home/drew/sync/gitlab/drawnepicenter/leximaven/build/cmds/config_cmds/get.js
FN:,(anonymous_1)
FNF:1
FNH:1
FNDA:1,(anonymous_1)
DA:3,3
DA:4,3
DA:6,3
DA:7,3
DA:8,3
DA:10,3
DA:12,3
DA:13,3
DA:14,3
DA:15,3
DA:16,1
DA:17,1
DA:18,1
DA:19,1
DA:20,1
DA:21,1
DA:22,1
DA:23,1
DA:25,0
DA:26,0
DA:28,1
LF:21
LH:19
BRDA:,1,0,0
BRDA:,1,1,1
BRDA:,2,0,1
BRDA:,2,1,0
BRDA:,3,0,0
BRDA:,3,1,1
BRF:6
BRH:3
end_of_record
TN:
SF:/home/drew/sync/gitlab/drawnepicenter/leximaven/build/cmds/config_cmds/init.js
FN:,(anonymous_1)
FNF:1
FNH:1
FNDA:1,(anonymous_1)
DA:3,3
DA:5,3
DA:6,3
DA:7,3
DA:9,3
DA:11,3
DA:12,3
DA:13,3
DA:21,3
DA:22,1
DA:23,1
DA:24,1
DA:25,1
DA:26,0
DA:28,1
DA:29,1
DA:32,1
DA:33,0
DA:34,0
DA:35,0
DA:37,0
DA:39,1
DA:40,1
DA:41,1
DA:43,1
DA:44,1
DA:45,1
DA:46,1
DA:47,1
LF:29
LH:24
BRDA:,1,0,1
BRDA:,1,1,0
BRDA:,2,0,0
BRDA:,2,1,1
BRDA:,3,0,0
BRDA:,3,1,0
BRDA:,4,0,1
BRDA:,4,1,0
BRDA:,5,0,0
BRDA:,5,1,1
BRF:10
BRH:4
end_of_record
TN:
SF:/home/drew/sync/gitlab/drawnepicenter/leximaven/build/cmds/config_cmds/set.js
FN:,(anonymous_1)
FNF:1
FNH:1
FNDA:1,(anonymous_1)
DA:3,3
DA:4,3
DA:6,3
DA:7,3
DA:8,3
DA:10,3
DA:12,3
DA:13,3
DA:14,3
DA:15,3
DA:16,1
DA:17,1
DA:18,1
DA:19,1
DA:20,1
DA:21,1
DA:22,1
DA:23,1
DA:24,1
DA:25,0
DA:27,1
DA:30,0
DA:31,0
DA:33,1
DA:34,1
LF:25
LH:22
BRDA:,1,0,0
BRDA:,1,1,1
BRDA:,2,0,1
BRDA:,2,1,0
BRDA:,3,0,0
BRDA:,3,1,1
BRF:6
BRH:3
end_of_record
TN:
SF:/home/drew/sync/gitlab/drawnepicenter/leximaven/build/cmds/rhymebrain_cmds/combine.js
FN:,(anonymous_1)
FN:,(anonymous_2)
FNF:2
FNH:2
FNDA:1,(anonymous_1)
FNDA:1,(anonymous_2)
DA:3,3
DA:4,3
DA:6,3
DA:7,3
DA:8,3
DA:9,3
DA:11,3
DA:13,3
DA:14,3
DA:15,3
DA:47,3
DA:48,1
DA:49,1
DA:50,1
DA:56,1
DA:57,1
DA:58,1
DA:59,1
DA:60,1
DA:61,1
DA:62,1
DA:63,1
DA:64,1
DA:65,1
DA:66,1
DA:67,1
DA:68,1
DA:69,1
DA:70,1
DA:71,1
DA:72,1
DA:73,1
DA:74,1
DA:75,5
DA:76,5
DA:77,5
DA:78,5
DA:80,1
DA:81,1
DA:82,1
DA:84,0
LF:41
LH:40
BRDA:,1,0,1
BRDA:,1,1,0
BRDA:,2,0,0
BRDA:,2,1,1
BRDA:,3,0,1
BRDA:,3,1,0
BRDA:,4,0,1
BRDA:,4,1,1
BRDA:,5,0,1
BRDA:,5,1,0
BRDA:,6,0,0
BRDA:,6,1,1
BRDA:,7,0,1
BRDA:,7,1,0
BRDA:,8,0,0
BRDA:,8,1,1
BRDA:,9,0,1
BRDA:,9,1,0
BRF:18
BRH:10
end_of_record
TN:
SF:/home/drew/sync/gitlab/drawnepicenter/leximaven/build/cmds/rhymebrain_cmds/info.js
FN:,(anonymous_1)
FN:,(anonymous_2)
FNF:2
FNH:2
FNDA:1,(anonymous_1)
FNDA:1,(anonymous_2)
DA:3,3
DA:4,3
DA:6,3
DA:7,3
DA:8,3
DA:9,3
DA:11,3
DA:13,3
DA:14,3
DA:15,3
DA:41,3
DA:42,1
DA:43,1
DA:44,1
DA:50,1
DA:51,1
DA:52,1
DA:53,1
DA:54,1
DA:55,1
DA:56,1
DA:57,1
DA:58,1
DA:59,1
DA:60,1
DA:61,1
DA:62,1
DA:63,1
DA:64,1
DA:65,1
DA:66,1
DA:67,1
DA:68,1
DA:69,1
DA:70,1
DA:71,1
DA:72,1
DA:73,1
DA:74,1
DA:75,1
DA:76,1
DA:77,0
DA:78,0
DA:80,1
DA:81,1
DA:82,1
DA:84,1
DA:85,1
DA:86,1
DA:88,1
DA:89,1
DA:90,1
DA:91,1
DA:93,0
LF:54
LH:51
BRDA:,1,0,1
BRDA:,1,1,0
BRDA:,2,0,0
BRDA:,2,1,1
BRDA:,3,0,1
BRDA:,3,1,0
BRDA:,4,0,1
BRDA:,4,1,1
BRDA:,5,0,0
BRDA:,5,1,1
BRDA:,6,0,1
BRDA:,6,1,0
BRDA:,7,0,1
BRDA:,7,1,0
BRDA:,8,0,1
BRDA:,8,1,0
BRDA:,9,0,0
BRDA:,9,1,1
BRDA:,10,0,1
BRDA:,10,1,0
BRDA:,11,0,0
BRDA:,11,1,1
BRDA:,12,0,1
BRDA:,12,1,0
BRF:24
BRH:13
end_of_record
TN:
SF:/home/drew/sync/gitlab/drawnepicenter/leximaven/build/cmds/rhymebrain_cmds/rhyme.js
FN:,(anonymous_1)
FN:,(anonymous_2)
FNF:2
FNH:2
FNDA:1,(anonymous_1)
FNDA:1,(anonymous_2)
DA:3,3
DA:4,3
DA:6,3
DA:7,3
DA:8,3
DA:9,3
DA:11,3
DA:13,3
DA:14,3
DA:15,3
DA:47,3
DA:48,1
DA:49,1
DA:50,1
DA:56,1
DA:57,1
DA:58,1
DA:59,1
DA:60,1
DA:61,1
DA:62,1
DA:63,1
DA:64,1
DA:65,1
DA:66,1
DA:67,1
DA:68,1
DA:69,1
DA:70,1
DA:71,1
DA:72,1
DA:73,1
DA:74,1
DA:75,1
DA:76,5
DA:77,5
DA:78,5
DA:79,0
DA:81,5
DA:84,1
DA:85,1
DA:86,1
DA:87,1
DA:89,0
LF:44
LH:42
BRDA:,1,0,1
BRDA:,1,1,0
BRDA:,2,0,0
BRDA:,2,1,1
BRDA:,3,0,1
BRDA:,3,1,0
BRDA:,4,0,1
BRDA:,4,1,1
BRDA:,5,0,0
BRDA:,5,1,5
BRDA:,6,0,1
BRDA:,6,1,0
BRDA:,7,0,0
BRDA:,7,1,1
BRDA:,8,0,1
BRDA:,8,1,0
BRDA:,9,0,0
BRDA:,9,1,1
BRDA:,10,0,1
BRDA:,10,1,0
BRF:20
BRH:11
end_of_record
TN:
SF:/home/drew/sync/gitlab/drawnepicenter/leximaven/build/cmds/wordnik_cmds/define.js
FN:,(anonymous_1)
FN:,(anonymous_2)
FNF:2
FNH:2
FNDA:1,(anonymous_1)
FNDA:1,(anonymous_2)
DA:3,7
DA:4,7
DA:6,7
DA:7,7
DA:8,7
DA:9,7
DA:11,7
DA:13,7
DA:14,7
DA:15,7
DA:59,7
DA:60,1
DA:61,1
DA:62,1
DA:70,1
DA:71,1
DA:72,1
DA:73,1
DA:74,1
DA:75,1
DA:76,1
DA:77,1
DA:78,1
DA:79,1
DA:80,1
DA:81,1
DA:82,1
DA:83,1
DA:84,1
DA:85,1
DA:86,1
DA:87,1
DA:88,1
DA:89,1
DA:90,1
DA:91,1
DA:92,1
DA:93,1
DA:94,1
DA:95,1
DA:96,1
DA:97,1
DA:98,1
DA:99,1
DA:100,1
DA:101,1
DA:102,1
DA:103,1
DA:104,1
DA:105,1
DA:106,1
DA:107,1
DA:109,1
DA:110,1
DA:111,1
DA:113,0
LF:56
LH:55
BRDA:,1,0,1
BRDA:,1,1,0
BRDA:,2,0,0
BRDA:,2,1,1
BRDA:,3,0,1
BRDA:,3,1,0
BRDA:,4,0,1
BRDA:,4,1,1
BRDA:,5,0,1
BRDA:,5,1,0
BRDA:,6,0,0
BRDA:,6,1,1
BRDA:,7,0,1
BRDA:,7,1,0
BRDA:,8,0,0
BRDA:,8,1,1
BRDA:,9,0,1
BRDA:,9,1,0
BRF:18
BRH:10
end_of_record
TN:
SF:/home/drew/sync/gitlab/drawnepicenter/leximaven/build/cmds/wordnik_cmds/example.js
FN:,(anonymous_1)
FN:,(anonymous_2)
FNF:2
FNH:2
FNDA:1,(anonymous_1)
FNDA:1,(anonymous_2)
DA:3,7
DA:4,7
DA:6,7
DA:7,7
DA:8,7
DA:9,7
DA:11,7
DA:13,7
DA:14,7
DA:15,7
DA:53,7
DA:54,1
DA:55,1
DA:56,1
DA:63,1
DA:64,1
DA:65,1
DA:66,1
DA:67,1
DA:68,1
DA:69,1
DA:70,1
DA:71,1
DA:72,1
DA:73,1
DA:74,1
DA:75,1
DA:76,1
DA:78,0
DA:80,1
DA:81,1
DA:82,1
DA:83,1
DA:84,1
DA:85,1
DA:86,1
DA:87,1
DA:88,1
DA:89,1
DA:90,1
DA:91,1
DA:93,1
DA:94,1
DA:95,1
DA:97,0
LF:45
LH:43
BRDA:,1,0,1
BRDA:,1,1,0
BRDA:,2,0,0
BRDA:,2,1,1
BRDA:,3,0,1
BRDA:,3,1,0
BRDA:,4,0,1
BRDA:,4,1,0
BRDA:,5,0,1
BRDA:,5,1,1
BRDA:,6,0,1
BRDA:,6,1,0
BRDA:,7,0,0
BRDA:,7,1,1
BRDA:,8,0,1
BRDA:,8,1,0
BRDA:,9,0,0
BRDA:,9,1,1
BRDA:,10,0,1
BRDA:,10,1,0
BRF:20
BRH:11
end_of_record
TN:
SF:/home/drew/sync/gitlab/drawnepicenter/leximaven/build/cmds/wordnik_cmds/hyphen.js
FN:,(anonymous_1)
FN:,(anonymous_2)
FNF:2
FNH:2
FNDA:1,(anonymous_1)
FNDA:1,(anonymous_2)
DA:3,7
DA:4,7
DA:6,7
DA:7,7
DA:8,7
DA:9,7
DA:11,7
DA:13,7
DA:14,7
DA:15,7
DA:53,7
DA:54,1
DA:55,1
DA:56,1
DA:63,1
DA:64,1
DA:65,1
DA:66,1
DA:67,1
DA:68,1
DA:69,1
DA:70,1
DA:71,1
DA:72,1
DA:73,1
DA:74,1
DA:75,1
DA:76,1
DA:77,1
DA:78,1
DA:79,1
DA:80,1
DA:81,1
DA:82,1
DA:83,1
DA:84,1
DA:85,1
DA:86,4
DA:87,4
DA:88,1
DA:89,1
DA:90,3
DA:91,0
DA:92,0
DA:94,3
DA:95,3
DA:97,4
DA:98,3
DA:101,1
DA:102,1
DA:103,1
DA:104,1
DA:106,0
LF:53
LH:50
BRDA:,1,0,1
BRDA:,1,1,0
BRDA:,2,0,0
BRDA:,2,1,1
BRDA:,3,0,0
BRDA:,3,1,1
BRDA:,4,0,1
BRDA:,4,1,0
BRDA:,5,0,1
BRDA:,5,1,1
BRDA:,6,0,1
BRDA:,6,1,3
BRDA:,7,0,0
BRDA:,7,1,3
BRDA:,8,0,3
BRDA:,8,1,1
BRDA:,9,0,1
BRDA:,9,1,0
BRDA:,10,0,0
BRDA:,10,1,1
BRDA:,11,0,1
BRDA:,11,1,0
BRDA:,12,0,0
BRDA:,12,1,1
BRDA:,13,0,1
BRDA:,13,1,0
BRF:26
BRH:16
end_of_record
TN:
SF:/home/drew/sync/gitlab/drawnepicenter/leximaven/build/cmds/wordnik_cmds/origin.js
FN:,(anonymous_1)
FN:,(anonymous_2)
FN:,(anonymous_3)
FNF:3
FNH:3
FNDA:1,(anonymous_1)
FNDA:1,(anonymous_2)
FNDA:1,(anonymous_3)
DA:3,7
DA:4,7
DA:6,7
DA:7,7
DA:8,7
DA:9,7
DA:10,7
DA:12,7
DA:14,7
DA:15,7
DA:16,7
DA:42,7
DA:43,1
DA:44,1
DA:45,1
DA:50,1
DA:51,1
DA:52,1
DA:53,1
DA:54,1
DA:55,1
DA:56,1
DA:57,1
DA:58,1
DA:59,1
DA:60,1
DA:61,1
DA:62,1
DA:63,1
DA:64,1
DA:65,1
DA:66,1
DA:67,1
DA:68,1
DA:69,1
DA:70,1
DA:71,1
DA:72,1
DA:73,1
DA:74,1
DA:75,1
DA:76,1
DA:77,1
DA:78,1
DA:80,1
DA:81,1
DA:82,1
DA:84,0
LF:48
LH:47
BRDA:,1,0,1
BRDA:,1,1,0
BRDA:,2,0,0
BRDA:,2,1,1
BRDA:,3,0,1
BRDA:,3,1,0
BRDA:,4,0,1
BRDA:,4,1,1
BRDA:,5,0,1
BRDA:,5,1,0
BRDA:,6,0,0
BRDA:,6,1,1
BRDA:,7,0,1
BRDA:,7,1,0
BRDA:,8,0,0
BRDA:,8,1,1
BRDA:,9,0,1
BRDA:,9,1,0
BRF:18
BRH:10
end_of_record
TN:
SF:/home/drew/sync/gitlab/drawnepicenter/leximaven/build/cmds/wordnik_cmds/phrase.js
FN:,(anonymous_1)
FN:,(anonymous_2)
FNF:2
FNH:2
FNDA:1,(anonymous_1)
FNDA:1,(anonymous_2)
DA:3,7
DA:4,7
DA:6,7
DA:7,7
DA:8,7
DA:9,7
DA:11,7
DA:13,7
DA:14,7
DA:15,7
DA:53,7
DA:54,1
DA:55,1
DA:56,1
DA:63,1
DA:64,1
DA:65,1
DA:66,1
DA:67,1
DA:68,1
DA:69,1
DA:70,1
DA:71,1
DA:72,1
DA:73,1
DA:74,1
DA:75,1
DA:76,1
DA:77,1
DA:78,1
DA:79,1
DA:80,1
DA:81,1
DA:82,1
DA:83,1
DA:84,1
DA:85,2
DA:86,2
DA:87,2
DA:88,2
DA:90,1
DA:91,1
DA:92,1
DA:94,0
LF:44
LH:43
BRDA:,1,0,1
BRDA:,1,1,0
BRDA:,2,0,0
BRDA:,2,1,1
BRDA:,3,0,1
BRDA:,3,1,0
BRDA:,4,0,1
BRDA:,4,1,1
BRDA:,5,0,1
BRDA:,5,1,0
BRDA:,6,0,0
BRDA:,6,1,1
BRDA:,7,0,1
BRDA:,7,1,0
BRDA:,8,0,0
BRDA:,8,1,1
BRDA:,9,0,1
BRDA:,9,1,0
BRF:18
BRH:10
end_of_record
TN:
SF:/home/drew/sync/gitlab/drawnepicenter/leximaven/build/cmds/wordnik_cmds/pronounce.js
FN:,(anonymous_1)
FN:,(anonymous_2)
FNF:2
FNH:2
FNDA:1,(anonymous_1)
FNDA:1,(anonymous_2)
DA:3,7
DA:4,7
DA:6,7
DA:7,7
DA:8,7
DA:9,7
DA:11,7
DA:13,7
DA:14,7
DA:15,7
DA:59,7
DA:60,1
DA:61,1
DA:62,1
DA:70,1
DA:71,1
DA:72,1
DA:73,1
DA:74,1
DA:75,1
DA:76,1
DA:77,1
DA:78,1
DA:79,1
DA:80,1
DA:81,1
DA:82,1
DA:83,1
DA:84,1
DA:85,1
DA:86,1
DA:87,1
DA:88,1
DA:89,1
DA:90,1
DA:91,1
DA:92,1
DA:93,1
DA:94,2
DA:95,2
DA:96,2
DA:97,2
DA:99,1
DA:100,1
DA:101,1
DA:103,0
LF:46
LH:45
BRDA:,1,0,1
BRDA:,1,1,0
BRDA:,2,0,0
BRDA:,2,1,1
BRDA:,3,0,0
BRDA:,3,1,1
BRDA:,4,0,0
BRDA:,4,1,1
BRDA:,5,0,1
BRDA:,5,1,0
BRDA:,6,0,1
BRDA:,6,1,1
BRDA:,7,0,1
BRDA:,7,1,0
BRDA:,8,0,0
BRDA:,8,1,1
BRDA:,9,0,1
BRDA:,9,1,0
BRDA:,10,0,0
BRDA:,10,1,1
BRDA:,11,0,1
BRDA:,11,1,0
BRF:22
BRH:12
end_of_record
TN:
SF:/home/drew/sync/gitlab/drawnepicenter/leximaven/build/cmds/wordnik_cmds/relate.js
FN:,(anonymous_1)
FN:,(anonymous_2)
FNF:2
FNH:2
FNDA:1,(anonymous_1)
FNDA:1,(anonymous_2)
DA:3,7
DA:4,7
DA:6,7
DA:7,7
DA:8,7
DA:9,7
DA:11,7
DA:13,7
DA:14,7
DA:15,7
DA:53,7
DA:54,1
DA:55,1
DA:56,1
DA:63,1
DA:64,1
DA:65,1
DA:66,1
DA:67,1
DA:68,1
DA:69,1
DA:70,1
DA:71,1
DA:72,1
DA:73,1
DA:74,0
DA:76,1
DA:77,1
DA:78,1
DA:79,1
DA:80,1
DA:81,1
DA:82,1
DA:83,1
DA:84,1
DA:85,1
DA:86,1
DA:87,1
DA:88,6
DA:89,6
DA:90,6
DA:91,6
DA:93,1
DA:94,1
DA:95,1
DA:97,0
LF:46
LH:44
BRDA:,1,0,1
BRDA:,1,1,0
BRDA:,2,0,0
BRDA:,2,1,1
BRDA:,3,0,0
BRDA:,3,1,1
BRDA:,4,0,1
BRDA:,4,1,0
BRDA:,5,0,1
BRDA:,5,1,1
BRDA:,6,0,1
BRDA:,6,1,0
BRDA:,7,0,0
BRDA:,7,1,1
BRDA:,8,0,1
BRDA:,8,1,0
BRDA:,9,0,0
BRDA:,9,1,1
BRDA:,10,0,1
BRDA:,10,1,0
BRF:20
BRH:11
end_of_record
